CMSIS-RTOS2 Test Suite   Nov 16 2022   12:44:34

TEST  1: TC_osKernelInitialize_1          PASSED
TEST  2: TC_osKernelGetInfo_1             PASSED
TEST  3: TC_osKernelGetState_1            PASSED
TEST  4: TC_osKernelGetState_2            NOT EXECUTED
TEST  5: TC_osKernelStart_1               PASSED
TEST  6: TC_osKernelLock_1                PASSED
TEST  7: TC_osKernelLock_2                NOT EXECUTED
TEST  8: TC_osKernelUnlock_1              PASSED
TEST  9: TC_osKernelUnlock_2              NOT EXECUTED
TEST 10: TC_osKernelRestoreLock_1         PASSED
TEST 11: TC_osKernelSuspend_1             NOT EXECUTED
TEST 12: TC_osKernelResume_1              NOT EXECUTED
TEST 13: TC_osKernelGetTickCount_1        PASSED
TEST 14: TC_osKernelGetTickFreq_1         PASSED
TEST 15: TC_osKernelGetSysTimerCount_1    PASSED
TEST 16: TC_osKernelGetSysTimerFreq_1     PASSED
TEST 17: TC_osThreadNew_1                 PASSED
TEST 18: TC_osThreadNew_2                 PASSED
TEST 19: TC_osThreadNew_3                 NOT EXECUTED
TEST 20: TC_osThreadNew_4                 PASSED
TEST 21: TC_osThreadNew_5                 PASSED
TEST 22: TC_osThreadNew_6                 PASSED
TEST 23: TC_osThreadNew_7                 PASSED
TEST 24: TC_osThreadGetName_1
  RV2_Thread.c (413) [FAILED]
TEST 25: TC_osThreadGetId_1               PASSED
TEST 26: TC_osThreadGetState_1            PASSED
TEST 27: TC_osThreadGetState_2            PASSED
TEST 28: TC_osThreadGetState_3            NOT EXECUTED
TEST 29: TC_osThreadSetPriority_1         PASSED
TEST 30: TC_osThreadSetPriority_2         PASSED
TEST 31: TC_osThreadGetPriority_1         PASSED
TEST 32: TC_osThreadYield_1               PASSED
TEST 33: TC_osThreadSuspend_1             PASSED
TEST 34: TC_osThreadResume_1              PASSED
TEST 35: TC_osThreadDetach_1              NOT EXECUTED
TEST 36: TC_osThreadDetach_2              NOT EXECUTED
TEST 37: TC_osThreadJoin_1                NOT EXECUTED
TEST 38: TC_osThreadJoin_2                NOT EXECUTED
TEST 39: TC_osThreadJoin_3                NOT EXECUTED
TEST 40: TC_osThreadExit_1                PASSED
TEST 41: TC_osThreadTerminate_1           PASSED
TEST 42: TC_osThreadGetStackSize_1        NOT EXECUTED
TEST 43: TC_osThreadGetStackSpace_1       PASSED
TEST 44: TC_osThreadGetCount_1            PASSED
TEST 45: TC_osThreadEnumerate_1           PASSED
TEST 46: TC_ThreadNew                     PASSED
TEST 47: TC_ThreadMultiInstance           PASSED
TEST 48: TC_ThreadTerminate               PASSED
TEST 49: TC_ThreadRestart                 PASSED
TEST 50: TC_ThreadPriorityExec            PASSED
TEST 51: TC_ThreadYield                   PASSED
TEST 52: TC_ThreadSuspendResume           PASSED
TEST 53: TC_ThreadReturn                  NOT EXECUTED
TEST 54: TC_ThreadAllocation              PASSED
TEST 55: TC_ThreadFlagsMainThread         PASSED
TEST 56: TC_ThreadFlagsChildThread        PASSED
TEST 57: TC_ThreadFlagsChildToParent      PASSED
TEST 58: TC_ThreadFlagsChildToChild       PASSED
TEST 59: TC_ThreadFlagsWaitTimeout        PASSED
TEST 60: TC_ThreadFlagsCheckTimeout       PASSED
TEST 61: TC_ThreadFlagsParam              PASSED
TEST 62: TC_ThreadFlagsInterrupts         PASSED
TEST 63: TC_GenWaitBasic                  PASSED
TEST 64: TC_GenWaitInterrupts             PASSED
TEST 65: TC_osTimerNew_1                  PASSED
TEST 66: TC_osTimerNew_2                  PASSED
TEST 67: TC_osTimerNew_3                  PASSED
TEST 68: TC_osTimerGetName_1              PASSED
TEST 69: TC_osTimerStart_1                PASSED
TEST 70: TC_osTimerStart_2                PASSED
TEST 71: TC_osTimerStop_1                 PASSED
TEST 72: TC_osTimerStop_2                 PASSED
TEST 73: TC_osTimerIsRunning_1            PASSED
TEST 74: TC_osTimerDelete_1               PASSED
TEST 75: TC_TimerAllocation               PASSED
TEST 76: TC_TimerOneShot                  PASSED
TEST 77: TC_TimerPeriodic                 PASSED
TEST 78: TC_osEventFlagsNew_1             PASSED
TEST 79: TC_osEventFlagsNew_2             PASSED
TEST 80: TC_osEventFlagsNew_3             PASSED
TEST 81: TC_osEventFlagsSet_1
  RV2_EventFlags.c (330) [FAILED]
TEST 82: TC_osEventFlagsClear_1
  RV2_EventFlags.c (431) [FAILED]
TEST 83: TC_osEventFlagsGet_1             PASSED
TEST 84: TC_osEventFlagsWait_1
  RV2_EventFlags.c (566) [FAILED]
  RV2_EventFlags.c (575) [FAILED]
TEST 85: TC_osEventFlagsDelete_1          PASSED
TEST 86: TC_osEventFlagsGetName_1         NOT EXECUTED
TEST 87: TC_EventFlagsAllocation          PASSED
TEST 88: TC_EventFlagsInterThreads        PASSED
TEST 89: TC_EventFlagsCheckTimeout        PASSED
TEST 90: TC_EventFlagsWaitTimeout         PASSED
TEST 91: TC_EventFlagsDeleteWaiting       PASSED
TEST 92: TC_osMutexNew_1                  PASSED
TEST 93: TC_osMutexNew_2                  PASSED
TEST 94: TC_osMutexNew_3                  PASSED
TEST 95: TC_osMutexNew_4                  NOT EXECUTED
TEST 96: TC_osMutexNew_5                  PASSED
TEST 97: TC_osMutexNew_6                  PASSED
TEST 98: TC_osMutexGetName_1              NOT EXECUTED
TEST 99: TC_osMutexAcquire_1              PASSED
TEST 100: TC_osMutexAcquire_2              PASSED
TEST 101: TC_osMutexRelease_1              PASSED
TEST 102: TC_osMutexGetOwner_1             PASSED
TEST 103: TC_osMutexDelete_1               PASSED
TEST 104: TC_MutexAllocation               PASSED
TEST 105: TC_MutexCheckTimeout             PASSED
TEST 106: TC_MutexRobust                   NOT EXECUTED
TEST 107: TC_MutexPrioInherit              PASSED
TEST 108: TC_MutexNestedAcquire            PASSED
TEST 109: TC_MutexPriorityInversion        PASSED
TEST 110: TC_MutexOwnership                NOT EXECUTED
TEST 111: TC_osSemaphoreNew_1              PASSED
TEST 112: TC_osSemaphoreNew_2              PASSED
TEST 113: TC_osSemaphoreNew_3              PASSED
TEST 114: TC_osSemaphoreGetName_1          NOT EXECUTED
TEST 115: TC_osSemaphoreAcquire_1          PASSED
TEST 116: TC_osSemaphoreRelease_1          PASSED
TEST 117: TC_osSemaphoreGetCount_1         PASSED
TEST 118: TC_osSemaphoreDelete_1           PASSED
TEST 119: TC_SemaphoreAllocation           PASSED
TEST 120: TC_SemaphoreCreateAndDelete      PASSED
TEST 121: TC_SemaphoreObtainCounting       PASSED
TEST 122: TC_SemaphoreObtainBinary         PASSED
TEST 123: TC_SemaphoreWaitForBinary        PASSED
TEST 124: TC_SemaphoreWaitForCounting      PASSED
TEST 125: TC_SemaphoreZeroCount            PASSED
TEST 126: TC_SemaphoreWaitTimeout          PASSED
TEST 127: TC_SemaphoreCheckTimeout         PASSED
TEST 128: TC_osMemoryPoolNew_1             PASSED
TEST 129: TC_osMemoryPoolNew_2             PASSED
TEST 130: TC_osMemoryPoolNew_3             PASSED
TEST 131: TC_osMemoryPoolGetName_1         PASSED
TEST 132: TC_osMemoryPoolAlloc_1           PASSED
TEST 133: TC_osMemoryPoolFree_1            PASSED
TEST 134: TC_osMemoryPoolGetCapacity_1     PASSED
TEST 135: TC_osMemoryPoolGetBlockSize_1    PASSED
TEST 136: TC_osMemoryPoolGetCount_1        PASSED
TEST 137: TC_osMemoryPoolGetSpace_1        PASSED
TEST 138: TC_osMemoryPoolDelete_1          PASSED
TEST 139: TC_MemPoolAllocation             PASSED
TEST 140: TC_MemPoolAllocAndFree           PASSED
TEST 141: TC_MemPoolAllocAndFreeComb       PASSED
TEST 142: TC_MemPoolZeroInit               PASSED
TEST 143: TC_osMessageQueueNew_1           PASSED
TEST 144: TC_osMessageQueueNew_2           PASSED
TEST 145: TC_osMessageQueueNew_3           PASSED
TEST 146: TC_osMessageQueueGetName_1       NOT EXECUTED
TEST 147: TC_osMessageQueuePut_1           PASSED
TEST 148: TC_osMessageQueuePut_2           PASSED
TEST 149: TC_osMessageQueueGet_1           PASSED
TEST 150: TC_osMessageQueueGet_2           PASSED
TEST 151: TC_osMessageQueueGetCapacity_1   PASSED
TEST 152: TC_osMessageQueueGetMsgSize_1    PASSED
TEST 153: TC_osMessageQueueGetCount_1      PASSED
TEST 154: TC_osMessageQueueGetSpace_1      PASSED
TEST 155: TC_osMessageQueueReset_1         PASSED
TEST 156: TC_osMessageQueueDelete_1        PASSED
TEST 157: TC_MsgQAllocation                PASSED
TEST 158: TC_MsgQBasic                     PASSED
TEST 159: TC_MsgQWait                      PASSED
TEST 160: TC_MsgQCheckTimeout              PASSED

Test Summary: 160 Tests, 139 Executed, 135 Passed, 4 Failed, 0 Warnings.
Test Result: FAILED
